{"message":"Entering User Authentication","level":"info"}
{"message":"Querying db for finding user","level":"info"}
{"message":"User Authenticated","level":"info"}
{"message":"Entering create book endpoint","level":"info"}
{"message":"Querying db for creating book","level":"info"}
{"message":"New book created","level":"info"}
{"message":"Entering User Authentication","level":"info"}
{"message":"Querying db for finding user","level":"info"}
{"message":"User Authenticated","level":"info"}
{"message":"Entering create book endpoint","level":"info"}
{"message":"Querying db for creating book","level":"info"}
{"message":"New book created","level":"info"}
{"message":"Entering User Authentication","level":"info"}
{"message":"Querying db for finding user","level":"info"}
{"message":"User Authenticated","level":"info"}
{"message":"Entering create book endpoint","level":"info"}
{"message":"Querying db for creating book","level":"info"}
{"message":"New book created","level":"info"}
{"level":"error"}
{"message":"Entering User Authentication","level":"info"}
{"message":"Querying db for finding user","level":"info"}
{"message":"User Authenticated","level":"info"}
{"message":"Entering create book endpoint","level":"info"}
{"message":"Querying db for creating book","level":"info"}
{"message":"New book created","level":"info"}
{"level":"error"}
{"message":"Entering User Authentication","level":"info"}
{"message":"Querying db for finding user","level":"info"}
{"message":"User Authenticated","level":"info"}
{"message":"Entering create book endpoint","level":"info"}
{"message":"Querying db for creating book","level":"info"}
{"message":"New book created","level":"info"}
{"level":"error"}
{"message":"Entering User Authentication","level":"info"}
{"message":"Querying db for finding user","level":"info"}
{"message":"User Authenticated","level":"info"}
{"message":"Entering create book endpoint","level":"info"}
{"message":"Querying db for creating book","level":"info"}
{"message":"New book created","level":"info"}
{"level":"error"}
{"message":"Entering User Authentication","level":"info"}
{"message":"Querying db for finding user","level":"info"}
{"message":"User Authenticated","level":"info"}
{"message":"Entering create book endpoint","level":"info"}
{"message":"Querying db for creating book","level":"info"}
{"message":"New book created","level":"info"}
{"level":"error"}
{"message":"Entering User Authentication","level":"info"}
{"message":"Querying db for finding user","level":"info"}
{"message":"User Authenticated","level":"info"}
{"message":"Entering create book endpoint","level":"info"}
{"message":"Querying db for creating book","level":"info"}
{"message":"New book created","level":"info"}
{"level":"error"}
{"message":"Entering User Authentication","level":"info"}
{"message":"Querying db for finding user","level":"info"}
{"message":"User Authenticated","level":"info"}
{"message":"Entering create book endpoint","level":"info"}
{"message":"Querying db for creating book","level":"info"}
{"message":"New book created","level":"info"}
{"level":"error"}
{"message":"Entering User Authentication","level":"info"}
{"message":"Querying db for finding user","level":"info"}
{"message":"User Authenticated","level":"info"}
{"message":"Entering create book endpoint","level":"info"}
{"message":"Querying db for creating book","level":"info"}
{"message":"New book created","level":"info"}
{"message":"Entering User Authentication","level":"info"}
{"message":"Querying db for finding user","level":"info"}
{"message":"User Authenticated","level":"info"}
{"message":"Entering create book endpoint","level":"info"}
{"message":"Querying db for creating book","level":"info"}
{"message":"New book created","level":"info"}
{"level":"error"}
{"message":"Entering User Authentication","level":"info"}
{"message":"Querying db for finding user","level":"info"}
{"message":"User Authenticated","level":"info"}
{"message":"Entering create book endpoint","level":"info"}
{"message":"Querying db for creating book","level":"info"}
{"message":"New book created","level":"info"}
{"level":"error"}
{"message":"Entering User Authentication","level":"info"}
{"message":"Querying db for finding user","level":"info"}
{"message":"User Authenticated","level":"info"}
{"message":"Entering create book endpoint","level":"info"}
{"message":"Querying db for creating book","level":"info"}
{"message":"New book created","level":"info"}
{"level":"error"}
{"message":"Entering User Authentication","level":"info"}
{"message":"Querying db for finding user","level":"info"}
{"message":"User Authenticated","level":"info"}
{"message":"Entering create book endpoint","level":"info"}
{"message":"Querying db for creating book","level":"info"}
{"message":"New book created","level":"info"}
{"message":"Entering User Authentication","level":"info"}
{"message":"Querying db for finding user","level":"info"}
{"message":"User Authenticated","level":"info"}
{"message":"Entering create book endpoint","level":"info"}
{"message":"Querying db for creating book","level":"info"}
{"message":"New book created","level":"info"}
{"level":"error"}
{"message":"Entering User Authentication","level":"info"}
{"message":"Querying db for finding user","level":"info"}
{"message":"User Authenticated","level":"info"}
{"message":"Entering create book endpoint","level":"info"}
{"message":"Querying db for creating book","level":"info"}
{"message":"New book created","level":"info"}
